<testsuites name="v3-simple-marketplace-test"><testsuite name="SimpleMarketPlaceFlow" package="SimpleMarketPlaceFlow" id="0" time="93.047194551" timestamp="2024-06-14T03:54:35.434798786Z" hostname="localhost" tests="7" failures="0" errors="0" skipped="0"><properties/><testcase file="test/Test/TestStorySimpleMarketV3.hs" line="108" name="Should buy 1 token from sale with reference script" classname="SimpleMarketPlaceFlow" time="8.145504527"/><testcase file="test/Test/TestStorySimpleMarketV3.hs" line="97" name="Should withdraw 1 token from sale with reference script" classname="SimpleMarketPlaceFlow" time="40.216834947"/><testcase file="test/Test/TestStorySimpleMarketV3.hs" line="89" name="Should buy 1 token from sale" classname="SimpleMarketPlaceFlow" time="8.162043411"/><testcase file="test/Test/TestStorySimpleMarketV3.hs" line="81" name="Should withdraw 1 token from sale" classname="SimpleMarketPlaceFlow" time="8.116888249"/><testcase file="test/Test/TestStorySimpleMarketV3.hs" line="72" name="Should place 4 tokens on sale" classname="SimpleMarketPlaceFlow" time="16.130202767"/><testcase file="test/Test/TestStorySimpleMarketV3.hs" line="64" name="Should create reference script UTxO" classname="SimpleMarketPlaceFlow" time="6.109811206"/><testcase file="test/Test/TestStorySimpleMarketV3.hs" line="59" name="Should mint  4 Native Assets" classname="SimpleMarketPlaceFlow" time="6.165909444"/></testsuite></testsuites>