<testsuites name="v3-simple-marketplace-test">
    <testsuite name="SimpleMarketPlaceFlow" package="SimpleMarketPlaceFlow" id="0"
        time="121.526858120" timestamp="2024-06-12T11:38:20.712654014Z" hostname="localhost"
        tests="7" failures="0" errors="0" skipped="0">
        <properties />
        <testcase file="test/Test/TestStorySimpleMarketV3.hs" line="108"
            name="Should buy 1 token from sale with reference script"
            classname="SimpleMarketPlaceFlow" time="14.153957987" />
        <testcase file="test/Test/TestStorySimpleMarketV3.hs" line="97"
            name="Should withdraw 1 token from sale with reference script"
            classname="SimpleMarketPlaceFlow" time="16.169755753" />
        <testcase file="test/Test/TestStorySimpleMarketV3.hs" line="89"
            name="Should buy 1 token from sale" classname="SimpleMarketPlaceFlow" time="8.147828392" />
        <testcase file="test/Test/TestStorySimpleMarketV3.hs" line="81"
            name="Should withdraw 1 token from sale" classname="SimpleMarketPlaceFlow"
            time="18.529808625" />
        <testcase file="test/Test/TestStorySimpleMarketV3.hs" line="72"
            name="Should place 4 tokens on sale" classname="SimpleMarketPlaceFlow"
            time="6.127667069" />
        <testcase file="test/Test/TestStorySimpleMarketV3.hs" line="64"
            name="Should create reference script UTxO" classname="SimpleMarketPlaceFlow"
            time="32.211191246" />
        <testcase file="test/Test/TestStorySimpleMarketV3.hs" line="59"
            name="Should mint  4 Native Assets" classname="SimpleMarketPlaceFlow"
            time="26.186649048" />
    </testsuite>
</testsuites>