<testsuites name="v3-simple-marketplace-test"><testsuite name="SimpleMarketPlaceFlow" package="SimpleMarketPlaceFlow" id="0" time="329.843942261" timestamp="2024-06-12T12:11:00.968352991Z" hostname="localhost" tests="7" failures="0" errors="0" skipped="0"><properties/><testcase file="test/Test/TestStorySimpleMarketV3.hs" line="108" name="Should buy 1 token from sale with reference script" classname="SimpleMarketPlaceFlow" time="48.278453231"/><testcase file="test/Test/TestStorySimpleMarketV3.hs" line="97" name="Should withdraw 1 token from sale with reference script" classname="SimpleMarketPlaceFlow" time="112.441655873"/><testcase file="test/Test/TestStorySimpleMarketV3.hs" line="89" name="Should buy 1 token from sale" classname="SimpleMarketPlaceFlow" time="32.211173294"/><testcase file="test/Test/TestStorySimpleMarketV3.hs" line="81" name="Should withdraw 1 token from sale" classname="SimpleMarketPlaceFlow" time="58.332716930"/><testcase file="test/Test/TestStorySimpleMarketV3.hs" line="72" name="Should place 4 tokens on sale" classname="SimpleMarketPlaceFlow" time="4.126589905"/><testcase file="test/Test/TestStorySimpleMarketV3.hs" line="64" name="Should create reference script UTxO" classname="SimpleMarketPlaceFlow" time="48.291694875"/><testcase file="test/Test/TestStorySimpleMarketV3.hs" line="59" name="Should mint  4 Native Assets" classname="SimpleMarketPlaceFlow" time="26.161658153"/></testsuite></testsuites>