<testsuites name="Marketplace Scenario Test"><testsuite name="ConfigurableMarketV2 Flow" package="ConfigurableMarketV2 Flow" id="0" time="35.215502224" timestamp="2024-11-13T08:24:47.227341894Z" hostname="localhost" tests="8" failures="0" errors="0" skipped="0"><properties/><testcase file="test/Test/TestStoryConfigurableMarket.hs" line="150" name="Should buy 1 token from sale with reference script" classname="ConfigurableMarketV2 Flow" time="4.138887425"/><testcase file="test/Test/TestStoryConfigurableMarket.hs" line="142" name="Should buy 1 token from sale" classname="ConfigurableMarketV2 Flow" time="4.167194147"/><testcase file="test/Test/TestStoryConfigurableMarket.hs" line="134" name="Should withdraw 1 token from sale with reference script" classname="ConfigurableMarketV2 Flow" time="4.164651406"/><testcase file="test/Test/TestStoryConfigurableMarket.hs" line="129" name="Should withdraw 1 token from sale" classname="ConfigurableMarketV2 Flow" time="4.145552313"/><testcase file="test/Test/TestStoryConfigurableMarket.hs" line="122" name="Should create market configuration" classname="ConfigurableMarketV2 Flow" time="4.136265481"/><testcase file="test/Test/TestStoryConfigurableMarket.hs" line="115" name="Should place 4 tokens on sale" classname="ConfigurableMarketV2 Flow" time="6.146617502"/><testcase file="test/Test/TestStoryConfigurableMarket.hs" line="109" name="Should create reference script UTxO" classname="ConfigurableMarketV2 Flow" time="4.152943032"/><testcase file="test/Test/TestStoryConfigurableMarket.hs" line="97" name="Should mint  4 Native Assets" classname="ConfigurableMarketV2 Flow" time="4.163390918"/></testsuite><testsuite name="ConfigurableMarketV2SuperLazy Flow" package="ConfigurableMarketV2SuperLazy Flow" id="1" time="39.260427446" timestamp="2024-11-13T08:24:47.227341894Z" hostname="localhost" tests="8" failures="0" errors="0" skipped="0"><properties/><testcase file="test/Test/TestStoryConfigurableMarket.hs" line="150" name="Should buy 1 token from sale with reference script" classname="ConfigurableMarketV2SuperLazy Flow" time="8.154587354"/><testcase file="test/Test/TestStoryConfigurableMarket.hs" line="142" name="Should buy 1 token from sale" classname="ConfigurableMarketV2SuperLazy Flow" time="4.157044346"/><testcase file="test/Test/TestStoryConfigurableMarket.hs" line="134" name="Should withdraw 1 token from sale with reference script" classname="ConfigurableMarketV2SuperLazy Flow" time="6.172772521"/><testcase file="test/Test/TestStoryConfigurableMarket.hs" line="129" name="Should withdraw 1 token from sale" classname="ConfigurableMarketV2SuperLazy Flow" time="4.153596600"/><testcase file="test/Test/TestStoryConfigurableMarket.hs" line="122" name="Should create market configuration" classname="ConfigurableMarketV2SuperLazy Flow" time="4.141300130"/><testcase file="test/Test/TestStoryConfigurableMarket.hs" line="115" name="Should place 4 tokens on sale" classname="ConfigurableMarketV2SuperLazy Flow" time="4.142057760"/><testcase file="test/Test/TestStoryConfigurableMarket.hs" line="109" name="Should create reference script UTxO" classname="ConfigurableMarketV2SuperLazy Flow" time="4.167824153"/><testcase file="test/Test/TestStoryConfigurableMarket.hs" line="97" name="Should mint  4 Native Assets" classname="ConfigurableMarketV2SuperLazy Flow" time="4.171244582"/></testsuite><testsuite name="ConfigurableMarketV3 Flow" package="ConfigurableMarketV3 Flow" id="2" time="43.267835960" timestamp="2024-11-13T08:24:47.227341894Z" hostname="localhost" tests="8" failures="0" errors="0" skipped="0"><properties/><testcase file="test/Test/TestStoryConfigurableMarket.hs" line="150" name="Should buy 1 token from sale with reference script" classname="ConfigurableMarketV3 Flow" time="4.162994542"/><testcase file="test/Test/TestStoryConfigurableMarket.hs" line="142" name="Should buy 1 token from sale" classname="ConfigurableMarketV3 Flow" time="4.145233704"/><testcase file="test/Test/TestStoryConfigurableMarket.hs" line="134" name="Should withdraw 1 token from sale with reference script" classname="ConfigurableMarketV3 Flow" time="6.163407240"/><testcase file="test/Test/TestStoryConfigurableMarket.hs" line="129" name="Should withdraw 1 token from sale" classname="ConfigurableMarketV3 Flow" time="4.176321422"/><testcase file="test/Test/TestStoryConfigurableMarket.hs" line="122" name="Should create market configuration" classname="ConfigurableMarketV3 Flow" time="8.168435608"/><testcase file="test/Test/TestStoryConfigurableMarket.hs" line="115" name="Should place 4 tokens on sale" classname="ConfigurableMarketV3 Flow" time="4.137430999"/><testcase file="test/Test/TestStoryConfigurableMarket.hs" line="109" name="Should create reference script UTxO" classname="ConfigurableMarketV3 Flow" time="6.163278129"/><testcase file="test/Test/TestStoryConfigurableMarket.hs" line="97" name="Should mint  4 Native Assets" classname="ConfigurableMarketV3 Flow" time="6.150734316"/></testsuite><testsuite name="ConfigurableMarketV3Lazy Flow" package="ConfigurableMarketV3Lazy Flow" id="3" time="51.270486593" timestamp="2024-11-13T08:24:47.227341894Z" hostname="localhost" tests="8" failures="0" errors="0" skipped="0"><properties/><testcase file="test/Test/TestStoryConfigurableMarket.hs" line="150" name="Should buy 1 token from sale with reference script" classname="ConfigurableMarketV3Lazy Flow" time="6.169570781"/><testcase file="test/Test/TestStoryConfigurableMarket.hs" line="142" name="Should buy 1 token from sale" classname="ConfigurableMarketV3Lazy Flow" time="6.166951915"/><testcase file="test/Test/TestStoryConfigurableMarket.hs" line="134" name="Should withdraw 1 token from sale with reference script" classname="ConfigurableMarketV3Lazy Flow" time="4.153142201"/><testcase file="test/Test/TestStoryConfigurableMarket.hs" line="129" name="Should withdraw 1 token from sale" classname="ConfigurableMarketV3Lazy Flow" time="4.159981231"/><testcase file="test/Test/TestStoryConfigurableMarket.hs" line="122" name="Should create market configuration" classname="ConfigurableMarketV3Lazy Flow" time="8.151915073"/><testcase file="test/Test/TestStoryConfigurableMarket.hs" line="115" name="Should place 4 tokens on sale" classname="ConfigurableMarketV3Lazy Flow" time="8.153192091"/><testcase file="test/Test/TestStoryConfigurableMarket.hs" line="109" name="Should create reference script UTxO" classname="ConfigurableMarketV3Lazy Flow" time="8.173336572"/><testcase file="test/Test/TestStoryConfigurableMarket.hs" line="97" name="Should mint  4 Native Assets" classname="ConfigurableMarketV3Lazy Flow" time="6.142396729"/></testsuite><testsuite name="ConfigurableMarketV3SuperLazy Flow" package="ConfigurableMarketV3SuperLazy Flow" id="4" time="43.262742830" timestamp="2024-11-13T08:24:47.227341894Z" hostname="localhost" tests="8" failures="0" errors="0" skipped="0"><properties/><testcase file="test/Test/TestStoryConfigurableMarket.hs" line="150" name="Should buy 1 token from sale with reference script" classname="ConfigurableMarketV3SuperLazy Flow" time="4.185912208"/><testcase file="test/Test/TestStoryConfigurableMarket.hs" line="142" name="Should buy 1 token from sale" classname="ConfigurableMarketV3SuperLazy Flow" time="4.142404208"/><testcase file="test/Test/TestStoryConfigurableMarket.hs" line="134" name="Should withdraw 1 token from sale with reference script" classname="ConfigurableMarketV3SuperLazy Flow" time="6.171410724"/><testcase file="test/Test/TestStoryConfigurableMarket.hs" line="129" name="Should withdraw 1 token from sale" classname="ConfigurableMarketV3SuperLazy Flow" time="4.164950083"/><testcase file="test/Test/TestStoryConfigurableMarket.hs" line="122" name="Should create market configuration" classname="ConfigurableMarketV3SuperLazy Flow" time="6.140833634"/><testcase file="test/Test/TestStoryConfigurableMarket.hs" line="115" name="Should place 4 tokens on sale" classname="ConfigurableMarketV3SuperLazy Flow" time="6.137986425"/><testcase file="test/Test/TestStoryConfigurableMarket.hs" line="109" name="Should create reference script UTxO" classname="ConfigurableMarketV3SuperLazy Flow" time="6.157884695"/><testcase file="test/Test/TestStoryConfigurableMarket.hs" line="97" name="Should mint  4 Native Assets" classname="ConfigurableMarketV3SuperLazy Flow" time="6.161360853"/></testsuite><testsuite name="SimpleMarketV1 Flow" package="SimpleMarketV1 Flow" id="5" time="35.120728658" timestamp="2024-11-13T08:24:47.227341894Z" hostname="localhost" tests="7" failures="0" errors="0" skipped="0"><properties/><testcase file="test/Test/TestStorySimpleMarket.hs" line="140" name="Should buy 1 token from sale with reference script" classname="SimpleMarketV1 Flow" time="4.155184005"/><testcase file="test/Test/TestStorySimpleMarket.hs" line="134" name="Should withdraw 1 token from sale with reference script" classname="SimpleMarketV1 Flow" time="4.166673626"/><testcase file="test/Test/TestStorySimpleMarket.hs" line="128" name="Should buy 1 token from sale" classname="SimpleMarketV1 Flow" time="6.156487823"/><testcase file="test/Test/TestStorySimpleMarket.hs" line="122" name="Should withdraw 1 token from sale" classname="SimpleMarketV1 Flow" time="4.145628585"/><testcase file="test/Test/TestStorySimpleMarket.hs" line="116" name="Should place 4 tokens on sale" classname="SimpleMarketV1 Flow" time="4.162192169"/><testcase file="test/Test/TestStorySimpleMarket.hs" line="110" name="Should create reference script UTxO" classname="SimpleMarketV1 Flow" time="4.154007240"/><testcase file="test/Test/TestStorySimpleMarket.hs" line="97" name="Should mint  4 Native Assets" classname="SimpleMarketV1 Flow" time="8.180555210"/></testsuite><testsuite name="SimpleMarketV1SuperLazy Flow" package="SimpleMarketV1SuperLazy Flow" id="6" time="41.135827789" timestamp="2024-11-13T08:24:47.227341894Z" hostname="localhost" tests="7" failures="0" errors="0" skipped="0"><properties/><testcase file="test/Test/TestStorySimpleMarket.hs" line="140" name="Should buy 1 token from sale with reference script" classname="SimpleMarketV1SuperLazy Flow" time="4.143666259"/><testcase file="test/Test/TestStorySimpleMarket.hs" line="134" name="Should withdraw 1 token from sale with reference script" classname="SimpleMarketV1SuperLazy Flow" time="4.178889510"/><testcase file="test/Test/TestStorySimpleMarket.hs" line="128" name="Should buy 1 token from sale" classname="SimpleMarketV1SuperLazy Flow" time="4.168836060"/><testcase file="test/Test/TestStorySimpleMarket.hs" line="122" name="Should withdraw 1 token from sale" classname="SimpleMarketV1SuperLazy Flow" time="12.178846494"/><testcase file="test/Test/TestStorySimpleMarket.hs" line="116" name="Should place 4 tokens on sale" classname="SimpleMarketV1SuperLazy Flow" time="4.165950507"/><testcase file="test/Test/TestStorySimpleMarket.hs" line="110" name="Should create reference script UTxO" classname="SimpleMarketV1SuperLazy Flow" time="6.149083051"/><testcase file="test/Test/TestStorySimpleMarket.hs" line="97" name="Should mint  4 Native Assets" classname="SimpleMarketV1SuperLazy Flow" time="6.150555908"/></testsuite><testsuite name="SimpleMarketV2 Flow" package="SimpleMarketV2 Flow" id="7" time="35.099385604" timestamp="2024-11-13T08:24:47.227341894Z" hostname="localhost" tests="7" failures="0" errors="0" skipped="0"><properties/><testcase file="test/Test/TestStorySimpleMarket.hs" line="140" name="Should buy 1 token from sale with reference script" classname="SimpleMarketV2 Flow" time="4.157931492"/><testcase file="test/Test/TestStorySimpleMarket.hs" line="134" name="Should withdraw 1 token from sale with reference script" classname="SimpleMarketV2 Flow" time="6.146076273"/><testcase file="test/Test/TestStorySimpleMarket.hs" line="128" name="Should buy 1 token from sale" classname="SimpleMarketV2 Flow" time="6.167906433"/><testcase file="test/Test/TestStorySimpleMarket.hs" line="122" name="Should withdraw 1 token from sale" classname="SimpleMarketV2 Flow" time="4.156405955"/><testcase file="test/Test/TestStorySimpleMarket.hs" line="116" name="Should place 4 tokens on sale" classname="SimpleMarketV2 Flow" time="4.150454004"/><testcase file="test/Test/TestStorySimpleMarket.hs" line="110" name="Should create reference script UTxO" classname="SimpleMarketV2 Flow" time="6.174777944"/><testcase file="test/Test/TestStorySimpleMarket.hs" line="97" name="Should mint  4 Native Assets" classname="SimpleMarketV2 Flow" time="4.145833503"/></testsuite><testsuite name="SimpleMarketV2SuperLazy Flow" package="SimpleMarketV2SuperLazy Flow" id="8" time="39.104691843" timestamp="2024-11-13T08:24:47.227341894Z" hostname="localhost" tests="7" failures="0" errors="0" skipped="0"><properties/><testcase file="test/Test/TestStorySimpleMarket.hs" line="140" name="Should buy 1 token from sale with reference script" classname="SimpleMarketV2SuperLazy Flow" time="4.163955191"/><testcase file="test/Test/TestStorySimpleMarket.hs" line="134" name="Should withdraw 1 token from sale with reference script" classname="SimpleMarketV2SuperLazy Flow" time="8.166688068"/><testcase file="test/Test/TestStorySimpleMarket.hs" line="128" name="Should buy 1 token from sale" classname="SimpleMarketV2SuperLazy Flow" time="4.140418248"/><testcase file="test/Test/TestStorySimpleMarket.hs" line="122" name="Should withdraw 1 token from sale" classname="SimpleMarketV2SuperLazy Flow" time="10.165534943"/><testcase file="test/Test/TestStorySimpleMarket.hs" line="116" name="Should place 4 tokens on sale" classname="SimpleMarketV2SuperLazy Flow" time="4.166358882"/><testcase file="test/Test/TestStorySimpleMarket.hs" line="110" name="Should create reference script UTxO" classname="SimpleMarketV2SuperLazy Flow" time="4.143371479"/><testcase file="test/Test/TestStorySimpleMarket.hs" line="97" name="Should mint  4 Native Assets" classname="SimpleMarketV2SuperLazy Flow" time="4.158365032"/></testsuite><testsuite name="SimpleMarketV3 Flow" package="SimpleMarketV3 Flow" id="9" time="35.079213000" timestamp="2024-11-13T08:24:47.227341894Z" hostname="localhost" tests="7" failures="0" errors="0" skipped="0"><properties/><testcase file="test/Test/TestStorySimpleMarket.hs" line="140" name="Should buy 1 token from sale with reference script" classname="SimpleMarketV3 Flow" time="4.149830235"/><testcase file="test/Test/TestStorySimpleMarket.hs" line="134" name="Should withdraw 1 token from sale with reference script" classname="SimpleMarketV3 Flow" time="4.165153127"/><testcase file="test/Test/TestStorySimpleMarket.hs" line="128" name="Should buy 1 token from sale" classname="SimpleMarketV3 Flow" time="4.148375652"/><testcase file="test/Test/TestStorySimpleMarket.hs" line="122" name="Should withdraw 1 token from sale" classname="SimpleMarketV3 Flow" time="4.144832354"/><testcase file="test/Test/TestStorySimpleMarket.hs" line="116" name="Should place 4 tokens on sale" classname="SimpleMarketV3 Flow" time="6.156988960"/><testcase file="test/Test/TestStorySimpleMarket.hs" line="110" name="Should create reference script UTxO" classname="SimpleMarketV3 Flow" time="6.160257030"/><testcase file="test/Test/TestStorySimpleMarket.hs" line="97" name="Should mint  4 Native Assets" classname="SimpleMarketV3 Flow" time="6.153775642"/></testsuite><testsuite name="SimpleMarketV3Lazy Flow" package="SimpleMarketV3Lazy Flow" id="10" time="35.085670575" timestamp="2024-11-13T08:24:47.227341894Z" hostname="localhost" tests="7" failures="0" errors="0" skipped="0"><properties/><testcase file="test/Test/TestStorySimpleMarket.hs" line="140" name="Should buy 1 token from sale with reference script" classname="SimpleMarketV3Lazy Flow" time="4.149035539"/><testcase file="test/Test/TestStorySimpleMarket.hs" line="134" name="Should withdraw 1 token from sale with reference script" classname="SimpleMarketV3Lazy Flow" time="4.155391572"/><testcase file="test/Test/TestStorySimpleMarket.hs" line="128" name="Should buy 1 token from sale" classname="SimpleMarketV3Lazy Flow" time="4.160560509"/><testcase file="test/Test/TestStorySimpleMarket.hs" line="122" name="Should withdraw 1 token from sale" classname="SimpleMarketV3Lazy Flow" time="8.155592846"/><testcase file="test/Test/TestStorySimpleMarket.hs" line="116" name="Should place 4 tokens on sale" classname="SimpleMarketV3Lazy Flow" time="6.148914143"/><testcase file="test/Test/TestStorySimpleMarket.hs" line="110" name="Should create reference script UTxO" classname="SimpleMarketV3Lazy Flow" time="4.160806705"/><testcase file="test/Test/TestStorySimpleMarket.hs" line="97" name="Should mint  4 Native Assets" classname="SimpleMarketV3Lazy Flow" time="4.155369261"/></testsuite><testsuite name="SimpleMarketV3SuperLazy Flow" package="SimpleMarketV3SuperLazy Flow" id="11" time="39.089786967" timestamp="2024-11-13T08:24:47.227341894Z" hostname="localhost" tests="7" failures="0" errors="0" skipped="0"><properties/><testcase file="test/Test/TestStorySimpleMarket.hs" line="140" name="Should buy 1 token from sale with reference script" classname="SimpleMarketV3SuperLazy Flow" time="4.167008254"/><testcase file="test/Test/TestStorySimpleMarket.hs" line="134" name="Should withdraw 1 token from sale with reference script" classname="SimpleMarketV3SuperLazy Flow" time="4.148403678"/><testcase file="test/Test/TestStorySimpleMarket.hs" line="128" name="Should buy 1 token from sale" classname="SimpleMarketV3SuperLazy Flow" time="4.159455319"/><testcase file="test/Test/TestStorySimpleMarket.hs" line="122" name="Should withdraw 1 token from sale" classname="SimpleMarketV3SuperLazy Flow" time="10.164485390"/><testcase file="test/Test/TestStorySimpleMarket.hs" line="116" name="Should place 4 tokens on sale" classname="SimpleMarketV3SuperLazy Flow" time="4.145585631"/><testcase file="test/Test/TestStorySimpleMarket.hs" line="110" name="Should create reference script UTxO" classname="SimpleMarketV3SuperLazy Flow" time="4.138607522"/><testcase file="test/Test/TestStorySimpleMarket.hs" line="97" name="Should mint  4 Native Assets" classname="SimpleMarketV3SuperLazy Flow" time="8.166241173"/></testsuite></testsuites>