<testsuites name="v3-configurable-marketplace-test"><testsuite name="ConfigurableMarketPlaceFlow" package="ConfigurableMarketPlaceFlow" id="0" time="95.264217544" timestamp="2024-06-12T12:15:49.864866705Z" hostname="localhost" tests="8" failures="0" errors="0" skipped="0"><properties/><testcase file="test/Test/TestStoryConfigurableMarketV3.hs" line="143" name="Should buy 1 token from sale with reference script" classname="ConfigurableMarketPlaceFlow" time="6.142223993"/><testcase file="test/Test/TestStoryConfigurableMarketV3.hs" line="127" name="Should buy 1 token from sale" classname="ConfigurableMarketPlaceFlow" time="6.151800384"/><testcase file="test/Test/TestStoryConfigurableMarketV3.hs" line="116" name="Should withdraw 1 token from sale with reference script" classname="ConfigurableMarketPlaceFlow" time="6.168938928"/><testcase file="test/Test/TestStoryConfigurableMarketV3.hs" line="108" name="Should withdraw 1 token from sale" classname="ConfigurableMarketPlaceFlow" time="14.167973261"/><testcase file="test/Test/TestStoryConfigurableMarketV3.hs" line="99" name="Should create market configuration" classname="ConfigurableMarketPlaceFlow" time="6.126142778"/><testcase file="test/Test/TestStoryConfigurableMarketV3.hs" line="90" name="Should Place 4 tokens on sale" classname="ConfigurableMarketPlaceFlow" time="26.203129862"/><testcase file="test/Test/TestStoryConfigurableMarketV3.hs" line="82" name="Should create reference script UTxO" classname="ConfigurableMarketPlaceFlow" time="6.151966271"/><testcase file="test/Test/TestStoryConfigurableMarketV3.hs" line="79" name="Should mint 4 Native Assets" classname="ConfigurableMarketPlaceFlow" time="24.152042067"/></testsuite></testsuites>