<testsuites name="v3-configurable-marketplace-test"><testsuite name="ConfigurableMarketPlaceFlow" package="ConfigurableMarketPlaceFlow" id="0" time="193.604305404" timestamp="2024-06-14T04:01:54.770150012Z" hostname="localhost" tests="8" failures="0" errors="0" skipped="0"><properties/><testcase file="test/Test/TestStoryConfigurableMarketV3.hs" line="143" name="Should buy 1 token from sale with reference script" classname="ConfigurableMarketPlaceFlow" time="18.214868251"/><testcase file="test/Test/TestStoryConfigurableMarketV3.hs" line="127" name="Should buy 1 token from sale" classname="ConfigurableMarketPlaceFlow" time="68.329764346"/><testcase file="test/Test/TestStoryConfigurableMarketV3.hs" line="116" name="Should withdraw 1 token from sale with reference script" classname="ConfigurableMarketPlaceFlow" time="6.159488565"/><testcase file="test/Test/TestStoryConfigurableMarketV3.hs" line="108" name="Should withdraw 1 token from sale" classname="ConfigurableMarketPlaceFlow" time="40.257240952"/><testcase file="test/Test/TestStoryConfigurableMarketV3.hs" line="99" name="Should create market configuration" classname="ConfigurableMarketPlaceFlow" time="14.150502121"/><testcase file="test/Test/TestStoryConfigurableMarketV3.hs" line="90" name="Should Place 4 tokens on sale" classname="ConfigurableMarketPlaceFlow" time="12.155927772"/><testcase file="test/Test/TestStoryConfigurableMarketV3.hs" line="82" name="Should create reference script UTxO" classname="ConfigurableMarketPlaceFlow" time="6.159290426"/><testcase file="test/Test/TestStoryConfigurableMarketV3.hs" line="79" name="Should mint 4 Native Assets" classname="ConfigurableMarketPlaceFlow" time="28.177222971"/></testsuite></testsuites>