<testsuites name="v2-simple-marketplace-test">
    <testsuite name="SimpleMarketPlaceFlow" package="SimpleMarketPlaceFlow" id="0"
        time="157.391895327" timestamp="2024-06-12T11:36:19.131745726Z" hostname="localhost"
        tests="7" failures="0" errors="0" skipped="0">
        <properties />
        <testcase file="test/Test/TestStorySimpleMarketV2.hs" line="107"
            name="Should buy 1 token from sale with reference script"
            classname="SimpleMarketPlaceFlow" time="36.201221811" />
        <testcase file="test/Test/TestStorySimpleMarketV2.hs" line="96"
            name="Should withdraw 1 token from sale with reference script"
            classname="SimpleMarketPlaceFlow" time="16.214439906" />
        <testcase file="test/Test/TestStorySimpleMarketV2.hs" line="88"
            name="Should buy 1 token from sale" classname="SimpleMarketPlaceFlow"
            time="16.211272812" />
        <testcase file="test/Test/TestStorySimpleMarketV2.hs" line="80"
            name="Should withdraw 1 token from sale" classname="SimpleMarketPlaceFlow"
            time="32.235782751" />
        <testcase file="test/Test/TestStorySimpleMarketV2.hs" line="71"
            name="Should place 4 tokens on sale" classname="SimpleMarketPlaceFlow"
            time="6.120307155" />
        <testcase file="test/Test/TestStorySimpleMarketV2.hs" line="63"
            name="Should create reference script UTxO" classname="SimpleMarketPlaceFlow"
            time="16.166774817" />
        <testcase file="test/Test/TestStorySimpleMarketV2.hs" line="58"
            name="Should mint  4 Native Assets" classname="SimpleMarketPlaceFlow"
            time="34.242096075" />
    </testsuite>
</testsuites>