<testsuites name="v2-simple-marketplace-test"><testsuite name="SimpleMarketPlaceFlow" package="SimpleMarketPlaceFlow" id="0" time="147.312047875" timestamp="2024-06-14T03:53:02.324554706Z" hostname="localhost" tests="7" failures="0" errors="0" skipped="0"><properties/><testcase file="test/Test/TestStorySimpleMarketV2.hs" line="107" name="Should buy 1 token from sale with reference script" classname="SimpleMarketPlaceFlow" time="8.168743186"/><testcase file="test/Test/TestStorySimpleMarketV2.hs" line="96" name="Should withdraw 1 token from sale with reference script" classname="SimpleMarketPlaceFlow" time="36.247243323"/><testcase file="test/Test/TestStorySimpleMarketV2.hs" line="88" name="Should buy 1 token from sale" classname="SimpleMarketPlaceFlow" time="12.168259211"/><testcase file="test/Test/TestStorySimpleMarketV2.hs" line="80" name="Should withdraw 1 token from sale" classname="SimpleMarketPlaceFlow" time="22.200522039"/><testcase file="test/Test/TestStorySimpleMarketV2.hs" line="71" name="Should place 4 tokens on sale" classname="SimpleMarketPlaceFlow" time="26.211553381"/><testcase file="test/Test/TestStorySimpleMarketV2.hs" line="63" name="Should create reference script UTxO" classname="SimpleMarketPlaceFlow" time="4.121632500"/><testcase file="test/Test/TestStorySimpleMarketV2.hs" line="58" name="Should mint  4 Native Assets" classname="SimpleMarketPlaceFlow" time="38.194094235"/></testsuite></testsuites>