<testsuites name="v2-simple-marketplace-test"><testsuite name="SimpleMarketPlaceFlow" package="SimpleMarketPlaceFlow" id="0" time="205.486760288" timestamp="2024-06-12T12:05:31.073057712Z" hostname="localhost" tests="7" failures="0" errors="0" skipped="0"><properties/><testcase file="test/Test/TestStorySimpleMarketV2.hs" line="107" name="Should buy 1 token from sale with reference script" classname="SimpleMarketPlaceFlow" time="26.204610618"/><testcase file="test/Test/TestStorySimpleMarketV2.hs" line="96" name="Should withdraw 1 token from sale with reference script" classname="SimpleMarketPlaceFlow" time="32.231860486"/><testcase file="test/Test/TestStorySimpleMarketV2.hs" line="88" name="Should buy 1 token from sale" classname="SimpleMarketPlaceFlow" time="42.264271406"/><testcase file="test/Test/TestStorySimpleMarketV2.hs" line="80" name="Should withdraw 1 token from sale" classname="SimpleMarketPlaceFlow" time="46.266192875"/><testcase file="test/Test/TestStorySimpleMarketV2.hs" line="71" name="Should place 4 tokens on sale" classname="SimpleMarketPlaceFlow" time="16.174860428"/><testcase file="test/Test/TestStorySimpleMarketV2.hs" line="63" name="Should create reference script UTxO" classname="SimpleMarketPlaceFlow" time="14.153174938"/><testcase file="test/Test/TestStorySimpleMarketV2.hs" line="58" name="Should mint  4 Native Assets" classname="SimpleMarketPlaceFlow" time="28.191789537"/></testsuite></testsuites>