<testsuites name="marketplace-test">
    <testsuite name="SimpleMarketPlaceFlow" package="SimpleMarketPlaceFlow" id="0"
        time="88.944729019" timestamp="2024-06-11T07:22:49.960809749Z" hostname="localhost"
        tests="7" failures="0" errors="0" skipped="0">
        <properties />
        <testcase file="test/Test/TestStorySimpleMarket.hs" line="127"
            name="Should buy 1 token from sale with reference script"
            classname="SimpleMarketPlaceFlow" time="12.145118405" />
        <testcase file="test/Test/TestStorySimpleMarket.hs" line="114"
            name="Should withdraw 1 token from sale with reference script"
            classname="SimpleMarketPlaceFlow" time="4.117116702" />
        <testcase file="test/Test/TestStorySimpleMarket.hs" line="104"
            name="Should buy 1 token from sale" classname="SimpleMarketPlaceFlow" time="4.125617192" />
        <testcase file="test/Test/TestStorySimpleMarket.hs" line="94"
            name="Should withdraw 1 token from sale" classname="SimpleMarketPlaceFlow"
            time="18.153354269" />
        <testcase file="test/Test/TestStorySimpleMarket.hs" line="85"
            name="Should place 4 tokens on sale" classname="SimpleMarketPlaceFlow"
            time="12.133905631" />
        <testcase file="test/Test/TestStorySimpleMarket.hs" line="77"
            name="Should create reference script UTxO" classname="SimpleMarketPlaceFlow"
            time="8.113211624" />
        <testcase file="test/Test/TestStorySimpleMarket.hs" line="72"
            name="Should mint  4 Native Assets" classname="SimpleMarketPlaceFlow"
            time="30.156405196" />
    </testsuite>
</testsuites>