<testsuites name="marketplace-test"><testsuite name="SimpleMarketPlaceFlow" package="SimpleMarketPlaceFlow" id="0" time="142.873517181" timestamp="2024-06-10T14:12:18.240035544Z" hostname="localhost" tests="4" failures="0" errors="0" skipped="0"><properties/><testcase file="test/Test/TestStorySimpleMarket.hs" line="84" name="Should buy 1 token from sale" classname="SimpleMarketPlaceFlow" time="60.348275041"/><testcase file="test/Test/TestStorySimpleMarket.hs" line="75" name="Should withdraw 1 token from sale" classname="SimpleMarketPlaceFlow" time="14.141080226"/><testcase file="test/Test/TestStorySimpleMarket.hs" line="66" name="Should place 2 tokens on sale" classname="SimpleMarketPlaceFlow" time="48.260015027"/><testcase file="test/Test/TestStorySimpleMarket.hs" line="61" name="Should mint  2 Native Assets" classname="SimpleMarketPlaceFlow" time="20.124146887"/></testsuite></testsuites>