<testsuites name="marketplace-test"><testsuite name="SimpleMarketPlaceFlow" package="SimpleMarketPlaceFlow" id="0" time="178.928895256" timestamp="2024-06-10T14:22:47.959967437Z" hostname="localhost" tests="4" failures="0" errors="0" skipped="0"><properties/><testcase file="test/Test/TestStorySimpleMarket.hs" line="84" name="Should buy 1 token from sale" classname="SimpleMarketPlaceFlow" time="34.229399761"/><testcase file="test/Test/TestStorySimpleMarket.hs" line="75" name="Should withdraw 1 token from sale" classname="SimpleMarketPlaceFlow" time="56.255533717"/><testcase file="test/Test/TestStorySimpleMarket.hs" line="66" name="Should place 2 tokens on sale" classname="SimpleMarketPlaceFlow" time="18.143226408"/><testcase file="test/Test/TestStorySimpleMarket.hs" line="61" name="Should mint  2 Native Assets" classname="SimpleMarketPlaceFlow" time="70.300735370"/></testsuite></testsuites>