<testsuites name="Marketplace Scenario Test"><testsuite name="ConfigurableMarketV2 Flow" package="ConfigurableMarketV2 Flow" id="0" time="189.606251521" timestamp="2024-08-07T10:14:05.318393818Z" hostname="localhost" tests="8" failures="0" errors="0" skipped="0"><properties/><testcase file="test/Test/TestStoryConfigurableMarket.hs" line="150" name="Should buy 1 token from sale with reference script" classname="ConfigurableMarketV2 Flow" time="24.190347145"/><testcase file="test/Test/TestStoryConfigurableMarket.hs" line="142" name="Should buy 1 token from sale" classname="ConfigurableMarketV2 Flow" time="14.190270058"/><testcase file="test/Test/TestStoryConfigurableMarket.hs" line="134" name="Should withdraw 1 token from sale with reference script" classname="ConfigurableMarketV2 Flow" time="48.283824659"/><testcase file="test/Test/TestStoryConfigurableMarket.hs" line="129" name="Should withdraw 1 token from sale" classname="ConfigurableMarketV2 Flow" time="16.182443583"/><testcase file="test/Test/TestStoryConfigurableMarket.hs" line="122" name="Should create market configuration" classname="ConfigurableMarketV2 Flow" time="4.143283867"/><testcase file="test/Test/TestStoryConfigurableMarket.hs" line="115" name="Should place 4 tokens on sale" classname="ConfigurableMarketV2 Flow" time="26.210364583"/><testcase file="test/Test/TestStoryConfigurableMarket.hs" line="109" name="Should create reference script UTxO" classname="ConfigurableMarketV2 Flow" time="16.184435512"/><testcase file="test/Test/TestStoryConfigurableMarket.hs" line="97" name="Should mint  4 Native Assets" classname="ConfigurableMarketV2 Flow" time="40.221282114"/></testsuite><testsuite name="ConfigurableMarketV2SuperLazy Flow" package="ConfigurableMarketV2SuperLazy Flow" id="1" time="213.784824332" timestamp="2024-08-07T10:14:05.318393818Z" hostname="localhost" tests="8" failures="0" errors="0" skipped="0"><properties/><testcase file="test/Test/TestStoryConfigurableMarket.hs" line="150" name="Should buy 1 token from sale with reference script" classname="ConfigurableMarketV2SuperLazy Flow" time="60.294621005"/><testcase file="test/Test/TestStoryConfigurableMarket.hs" line="142" name="Should buy 1 token from sale" classname="ConfigurableMarketV2SuperLazy Flow" time="4.128731416"/><testcase file="test/Test/TestStoryConfigurableMarket.hs" line="134" name="Should withdraw 1 token from sale with reference script" classname="ConfigurableMarketV2SuperLazy Flow" time="6.176093852"/><testcase file="test/Test/TestStoryConfigurableMarket.hs" line="129" name="Should withdraw 1 token from sale" classname="ConfigurableMarketV2SuperLazy Flow" time="22.217535187"/><testcase file="test/Test/TestStoryConfigurableMarket.hs" line="122" name="Should create market configuration" classname="ConfigurableMarketV2SuperLazy Flow" time="66.323013961"/><testcase file="test/Test/TestStoryConfigurableMarket.hs" line="115" name="Should place 4 tokens on sale" classname="ConfigurableMarketV2SuperLazy Flow" time="24.208381768"/><testcase file="test/Test/TestStoryConfigurableMarket.hs" line="109" name="Should create reference script UTxO" classname="ConfigurableMarketV2SuperLazy Flow" time="24.243104443"/><testcase file="test/Test/TestStoryConfigurableMarket.hs" line="97" name="Should mint  4 Native Assets" classname="ConfigurableMarketV2SuperLazy Flow" time="6.193342700"/></testsuite><testsuite name="ConfigurableMarketV3 Flow" package="ConfigurableMarketV3 Flow" id="2" time="191.647617772" timestamp="2024-08-07T10:14:05.318393818Z" hostname="localhost" tests="8" failures="0" errors="0" skipped="0"><properties/><testcase file="test/Test/TestStoryConfigurableMarket.hs" line="150" name="Should buy 1 token from sale with reference script" classname="ConfigurableMarketV3 Flow" time="54.326682331"/><testcase file="test/Test/TestStoryConfigurableMarket.hs" line="142" name="Should buy 1 token from sale" classname="ConfigurableMarketV3 Flow" time="18.198393321"/><testcase file="test/Test/TestStoryConfigurableMarket.hs" line="134" name="Should withdraw 1 token from sale with reference script" classname="ConfigurableMarketV3 Flow" time="52.251490601"/><testcase file="test/Test/TestStoryConfigurableMarket.hs" line="129" name="Should withdraw 1 token from sale" classname="ConfigurableMarketV3 Flow" time="14.176300315"/><testcase file="test/Test/TestStoryConfigurableMarket.hs" line="122" name="Should create market configuration" classname="ConfigurableMarketV3 Flow" time="10.199612934"/><testcase file="test/Test/TestStoryConfigurableMarket.hs" line="115" name="Should place 4 tokens on sale" classname="ConfigurableMarketV3 Flow" time="18.197282514"/><testcase file="test/Test/TestStoryConfigurableMarket.hs" line="109" name="Should create reference script UTxO" classname="ConfigurableMarketV3 Flow" time="10.144699649"/><testcase file="test/Test/TestStoryConfigurableMarket.hs" line="97" name="Should mint  4 Native Assets" classname="ConfigurableMarketV3 Flow" time="14.153156107"/></testsuite><testsuite name="ConfigurableMarketV3Lazy Flow" package="ConfigurableMarketV3Lazy Flow" id="3" time="263.871104245" timestamp="2024-08-07T10:14:05.318393818Z" hostname="localhost" tests="8" failures="0" errors="0" skipped="0"><properties/><testcase file="test/Test/TestStoryConfigurableMarket.hs" line="150" name="Should buy 1 token from sale with reference script" classname="ConfigurableMarketV3Lazy Flow" time="62.278697374"/><testcase file="test/Test/TestStoryConfigurableMarket.hs" line="142" name="Should buy 1 token from sale" classname="ConfigurableMarketV3Lazy Flow" time="22.236518463"/><testcase file="test/Test/TestStoryConfigurableMarket.hs" line="134" name="Should withdraw 1 token from sale with reference script" classname="ConfigurableMarketV3Lazy Flow" time="18.184935530"/><testcase file="test/Test/TestStoryConfigurableMarket.hs" line="129" name="Should withdraw 1 token from sale" classname="ConfigurableMarketV3Lazy Flow" time="6.164930883"/><testcase file="test/Test/TestStoryConfigurableMarket.hs" line="122" name="Should create market configuration" classname="ConfigurableMarketV3Lazy Flow" time="30.215307587"/><testcase file="test/Test/TestStoryConfigurableMarket.hs" line="115" name="Should place 4 tokens on sale" classname="ConfigurableMarketV3Lazy Flow" time="26.188234053"/><testcase file="test/Test/TestStoryConfigurableMarket.hs" line="109" name="Should create reference script UTxO" classname="ConfigurableMarketV3Lazy Flow" time="82.407131494"/><testcase file="test/Test/TestStoryConfigurableMarket.hs" line="97" name="Should mint  4 Native Assets" classname="ConfigurableMarketV3Lazy Flow" time="16.195348861"/></testsuite><testsuite name="ConfigurableMarketV3SuperLazy Flow" package="ConfigurableMarketV3SuperLazy Flow" id="4" time="141.682440287" timestamp="2024-08-07T10:14:05.318393818Z" hostname="localhost" tests="8" failures="0" errors="0" skipped="0"><properties/><testcase file="test/Test/TestStoryConfigurableMarket.hs" line="150" name="Should buy 1 token from sale with reference script" classname="ConfigurableMarketV3SuperLazy Flow" time="14.210299976"/><testcase file="test/Test/TestStoryConfigurableMarket.hs" line="142" name="Should buy 1 token from sale" classname="ConfigurableMarketV3SuperLazy Flow" time="4.164402669"/><testcase file="test/Test/TestStoryConfigurableMarket.hs" line="134" name="Should withdraw 1 token from sale with reference script" classname="ConfigurableMarketV3SuperLazy Flow" time="8.202054162"/><testcase file="test/Test/TestStoryConfigurableMarket.hs" line="129" name="Should withdraw 1 token from sale" classname="ConfigurableMarketV3SuperLazy Flow" time="14.203869146"/><testcase file="test/Test/TestStoryConfigurableMarket.hs" line="122" name="Should create market configuration" classname="ConfigurableMarketV3SuperLazy Flow" time="6.145968799"/><testcase file="test/Test/TestStoryConfigurableMarket.hs" line="115" name="Should place 4 tokens on sale" classname="ConfigurableMarketV3SuperLazy Flow" time="10.174670682"/><testcase file="test/Test/TestStoryConfigurableMarket.hs" line="109" name="Should create reference script UTxO" classname="ConfigurableMarketV3SuperLazy Flow" time="68.367581482"/><testcase file="test/Test/TestStoryConfigurableMarket.hs" line="97" name="Should mint  4 Native Assets" classname="ConfigurableMarketV3SuperLazy Flow" time="16.213593371"/></testsuite><testsuite name="SimpleMarketV1 Flow" package="SimpleMarketV1 Flow" id="5" time="179.281526624" timestamp="2024-08-07T10:14:05.318393818Z" hostname="localhost" tests="7" failures="0" errors="0" skipped="0"><properties/><testcase file="test/Test/TestStorySimpleMarket.hs" line="140" name="Should buy 1 token from sale with reference script" classname="SimpleMarketV1 Flow" time="20.138622852"/><testcase file="test/Test/TestStorySimpleMarket.hs" line="134" name="Should withdraw 1 token from sale with reference script" classname="SimpleMarketV1 Flow" time="22.148068994"/><testcase file="test/Test/TestStorySimpleMarket.hs" line="128" name="Should buy 1 token from sale" classname="SimpleMarketV1 Flow" time="6.132979089"/><testcase file="test/Test/TestStorySimpleMarket.hs" line="122" name="Should withdraw 1 token from sale" classname="SimpleMarketV1 Flow" time="8.128483074"/><testcase file="test/Test/TestStorySimpleMarket.hs" line="116" name="Should place 4 tokens on sale" classname="SimpleMarketV1 Flow" time="80.310767853"/><testcase file="test/Test/TestStorySimpleMarket.hs" line="110" name="Should create reference script UTxO" classname="SimpleMarketV1 Flow" time="6.182557311"/><testcase file="test/Test/TestStorySimpleMarket.hs" line="97" name="Should mint  4 Native Assets" classname="SimpleMarketV1 Flow" time="36.240047451"/></testsuite><testsuite name="SimpleMarketV1SuperLazy Flow" package="SimpleMarketV1SuperLazy Flow" id="6" time="179.501512275" timestamp="2024-08-07T10:14:05.318393818Z" hostname="localhost" tests="7" failures="0" errors="0" skipped="0"><properties/><testcase file="test/Test/TestStorySimpleMarket.hs" line="140" name="Should buy 1 token from sale with reference script" classname="SimpleMarketV1SuperLazy Flow" time="18.175240090"/><testcase file="test/Test/TestStorySimpleMarket.hs" line="134" name="Should withdraw 1 token from sale with reference script" classname="SimpleMarketV1SuperLazy Flow" time="44.306166266"/><testcase file="test/Test/TestStorySimpleMarket.hs" line="128" name="Should buy 1 token from sale" classname="SimpleMarketV1SuperLazy Flow" time="34.256313536"/><testcase file="test/Test/TestStorySimpleMarket.hs" line="122" name="Should withdraw 1 token from sale" classname="SimpleMarketV1SuperLazy Flow" time="10.177519802"/><testcase file="test/Test/TestStorySimpleMarket.hs" line="116" name="Should place 4 tokens on sale" classname="SimpleMarketV1SuperLazy Flow" time="6.136000883"/><testcase file="test/Test/TestStorySimpleMarket.hs" line="110" name="Should create reference script UTxO" classname="SimpleMarketV1SuperLazy Flow" time="8.170944964"/><testcase file="test/Test/TestStorySimpleMarket.hs" line="97" name="Should mint  4 Native Assets" classname="SimpleMarketV1SuperLazy Flow" time="58.279326734"/></testsuite><testsuite name="SimpleMarketV2 Flow" package="SimpleMarketV2 Flow" id="7" time="151.537727589" timestamp="2024-08-07T10:14:05.318393818Z" hostname="localhost" tests="7" failures="0" errors="0" skipped="0"><properties/><testcase file="test/Test/TestStorySimpleMarket.hs" line="140" name="Should buy 1 token from sale with reference script" classname="SimpleMarketV2 Flow" time="6.164736977"/><testcase file="test/Test/TestStorySimpleMarket.hs" line="134" name="Should withdraw 1 token from sale with reference script" classname="SimpleMarketV2 Flow" time="4.171715959"/><testcase file="test/Test/TestStorySimpleMarket.hs" line="128" name="Should buy 1 token from sale" classname="SimpleMarketV2 Flow" time="10.196467891"/><testcase file="test/Test/TestStorySimpleMarket.hs" line="122" name="Should withdraw 1 token from sale" classname="SimpleMarketV2 Flow" time="26.270906637"/><testcase file="test/Test/TestStorySimpleMarket.hs" line="116" name="Should place 4 tokens on sale" classname="SimpleMarketV2 Flow" time="52.287933084"/><testcase file="test/Test/TestStorySimpleMarket.hs" line="110" name="Should create reference script UTxO" classname="SimpleMarketV2 Flow" time="28.234393029"/><testcase file="test/Test/TestStorySimpleMarket.hs" line="97" name="Should mint  4 Native Assets" classname="SimpleMarketV2 Flow" time="24.211574012"/></testsuite><testsuite name="SimpleMarketV2SuperLazy Flow" package="SimpleMarketV2SuperLazy Flow" id="8" time="193.506513771" timestamp="2024-08-07T10:14:05.318393818Z" hostname="localhost" tests="7" failures="0" errors="0" skipped="0"><properties/><testcase file="test/Test/TestStorySimpleMarket.hs" line="140" name="Should buy 1 token from sale with reference script" classname="SimpleMarketV2SuperLazy Flow" time="30.219859741"/><testcase file="test/Test/TestStorySimpleMarket.hs" line="134" name="Should withdraw 1 token from sale with reference script" classname="SimpleMarketV2SuperLazy Flow" time="16.191490197"/><testcase file="test/Test/TestStorySimpleMarket.hs" line="128" name="Should buy 1 token from sale" classname="SimpleMarketV2SuperLazy Flow" time="30.213136153"/><testcase file="test/Test/TestStorySimpleMarket.hs" line="122" name="Should withdraw 1 token from sale" classname="SimpleMarketV2SuperLazy Flow" time="4.138814158"/><testcase file="test/Test/TestStorySimpleMarket.hs" line="116" name="Should place 4 tokens on sale" classname="SimpleMarketV2SuperLazy Flow" time="26.197113234"/><testcase file="test/Test/TestStorySimpleMarket.hs" line="110" name="Should create reference script UTxO" classname="SimpleMarketV2SuperLazy Flow" time="26.222723084"/><testcase file="test/Test/TestStorySimpleMarket.hs" line="97" name="Should mint  4 Native Assets" classname="SimpleMarketV2SuperLazy Flow" time="60.323377204"/></testsuite><testsuite name="SimpleMarketV3 Flow" package="SimpleMarketV3 Flow" id="9" time="155.644954299" timestamp="2024-08-07T10:14:05.318393818Z" hostname="localhost" tests="7" failures="0" errors="0" skipped="0"><properties/><testcase file="test/Test/TestStorySimpleMarket.hs" line="140" name="Should buy 1 token from sale with reference script" classname="SimpleMarketV3 Flow" time="42.303043008"/><testcase file="test/Test/TestStorySimpleMarket.hs" line="134" name="Should withdraw 1 token from sale with reference script" classname="SimpleMarketV3 Flow" time="26.227354638"/><testcase file="test/Test/TestStorySimpleMarket.hs" line="128" name="Should buy 1 token from sale" classname="SimpleMarketV3 Flow" time="30.236151972"/><testcase file="test/Test/TestStorySimpleMarket.hs" line="122" name="Should withdraw 1 token from sale" classname="SimpleMarketV3 Flow" time="26.236948625"/><testcase file="test/Test/TestStorySimpleMarket.hs" line="116" name="Should place 4 tokens on sale" classname="SimpleMarketV3 Flow" time="20.201177563"/><testcase file="test/Test/TestStorySimpleMarket.hs" line="110" name="Should create reference script UTxO" classname="SimpleMarketV3 Flow" time="6.214170957"/><testcase file="test/Test/TestStorySimpleMarket.hs" line="97" name="Should mint  4 Native Assets" classname="SimpleMarketV3 Flow" time="4.226107535"/></testsuite><testsuite name="SimpleMarketV3Lazy Flow" package="SimpleMarketV3Lazy Flow" id="10" time="135.463656716" timestamp="2024-08-07T10:14:05.318393818Z" hostname="localhost" tests="7" failures="0" errors="0" skipped="0"><properties/><testcase file="test/Test/TestStorySimpleMarket.hs" line="140" name="Should buy 1 token from sale with reference script" classname="SimpleMarketV3Lazy Flow" time="14.203540747"/><testcase file="test/Test/TestStorySimpleMarket.hs" line="134" name="Should withdraw 1 token from sale with reference script" classname="SimpleMarketV3Lazy Flow" time="18.185628899"/><testcase file="test/Test/TestStorySimpleMarket.hs" line="128" name="Should buy 1 token from sale" classname="SimpleMarketV3Lazy Flow" time="8.152976366"/><testcase file="test/Test/TestStorySimpleMarket.hs" line="122" name="Should withdraw 1 token from sale" classname="SimpleMarketV3Lazy Flow" time="32.226318676"/><testcase file="test/Test/TestStorySimpleMarket.hs" line="116" name="Should place 4 tokens on sale" classname="SimpleMarketV3Lazy Flow" time="44.307030867"/><testcase file="test/Test/TestStorySimpleMarket.hs" line="110" name="Should create reference script UTxO" classname="SimpleMarketV3Lazy Flow" time="6.161863760"/><testcase file="test/Test/TestStorySimpleMarket.hs" line="97" name="Should mint  4 Native Assets" classname="SimpleMarketV3Lazy Flow" time="12.226297401"/></testsuite><testsuite name="SimpleMarketV3SuperLazy Flow" package="SimpleMarketV3SuperLazy Flow" id="11" time="123.365523958" timestamp="2024-08-07T10:14:05.318393818Z" hostname="localhost" tests="7" failures="0" errors="0" skipped="0"><properties/><testcase file="test/Test/TestStorySimpleMarket.hs" line="140" name="Should buy 1 token from sale with reference script" classname="SimpleMarketV3SuperLazy Flow" time="38.270900335"/><testcase file="test/Test/TestStorySimpleMarket.hs" line="134" name="Should withdraw 1 token from sale with reference script" classname="SimpleMarketV3SuperLazy Flow" time="16.200899422"/><testcase file="test/Test/TestStorySimpleMarket.hs" line="128" name="Should buy 1 token from sale" classname="SimpleMarketV3SuperLazy Flow" time="12.196055940"/><testcase file="test/Test/TestStorySimpleMarket.hs" line="122" name="Should withdraw 1 token from sale" classname="SimpleMarketV3SuperLazy Flow" time="12.177356564"/><testcase file="test/Test/TestStorySimpleMarket.hs" line="116" name="Should place 4 tokens on sale" classname="SimpleMarketV3SuperLazy Flow" time="30.214230645"/><testcase file="test/Test/TestStorySimpleMarket.hs" line="110" name="Should create reference script UTxO" classname="SimpleMarketV3SuperLazy Flow" time="6.153196923"/><testcase file="test/Test/TestStorySimpleMarket.hs" line="97" name="Should mint  4 Native Assets" classname="SimpleMarketV3SuperLazy Flow" time="8.152884129"/></testsuite></testsuites>