<testsuites name="Marketplace Scenario Test"><testsuite name="ConfigurableMarketV2 Flow" package="ConfigurableMarketV2 Flow" id="0" time="263.864580183" timestamp="2024-07-17T05:17:31.175636662Z" hostname="localhost" tests="8" failures="0" errors="0" skipped="0"><properties/><testcase file="test/Test/TestStoryConfigurableMarket.hs" line="138" name="Should buy 1 token from sale with reference script" classname="ConfigurableMarketV2 Flow" time="6.171523750"/><testcase file="test/Test/TestStoryConfigurableMarket.hs" line="130" name="Should buy 1 token from sale" classname="ConfigurableMarketV2 Flow" time="12.172790397"/><testcase file="test/Test/TestStoryConfigurableMarket.hs" line="122" name="Should withdraw 1 token from sale with reference script" classname="ConfigurableMarketV2 Flow" time="40.218215659"/><testcase file="test/Test/TestStoryConfigurableMarket.hs" line="117" name="Should withdraw 1 token from sale" classname="ConfigurableMarketV2 Flow" time="36.242335943"/><testcase file="test/Test/TestStoryConfigurableMarket.hs" line="110" name="Should create market configuration" classname="ConfigurableMarketV2 Flow" time="10.159584269"/><testcase file="test/Test/TestStoryConfigurableMarket.hs" line="103" name="Should place 4 tokens on sale" classname="ConfigurableMarketV2 Flow" time="20.229631889"/><testcase file="test/Test/TestStoryConfigurableMarket.hs" line="97" name="Should create reference script UTxO" classname="ConfigurableMarketV2 Flow" time="12.177975456"/><testcase file="test/Test/TestStoryConfigurableMarket.hs" line="85" name="Should mint  4 Native Assets" classname="ConfigurableMarketV2 Flow" time="126.492522820"/></testsuite><testsuite name="ConfigurableMarketV3 Flow" package="ConfigurableMarketV3 Flow" id="1" time="119.454379348" timestamp="2024-07-17T05:17:31.175636662Z" hostname="localhost" tests="8" failures="0" errors="0" skipped="0"><properties/><testcase file="test/Test/TestStoryConfigurableMarket.hs" line="138" name="Should buy 1 token from sale with reference script" classname="ConfigurableMarketV3 Flow" time="8.160529698"/><testcase file="test/Test/TestStoryConfigurableMarket.hs" line="130" name="Should buy 1 token from sale" classname="ConfigurableMarketV3 Flow" time="30.192265384"/><testcase file="test/Test/TestStoryConfigurableMarket.hs" line="122" name="Should withdraw 1 token from sale with reference script" classname="ConfigurableMarketV3 Flow" time="8.157755550"/><testcase file="test/Test/TestStoryConfigurableMarket.hs" line="117" name="Should withdraw 1 token from sale" classname="ConfigurableMarketV3 Flow" time="10.167844369"/><testcase file="test/Test/TestStoryConfigurableMarket.hs" line="110" name="Should create market configuration" classname="ConfigurableMarketV3 Flow" time="14.167698569"/><testcase file="test/Test/TestStoryConfigurableMarket.hs" line="103" name="Should place 4 tokens on sale" classname="ConfigurableMarketV3 Flow" time="22.186438014"/><testcase file="test/Test/TestStoryConfigurableMarket.hs" line="97" name="Should create reference script UTxO" classname="ConfigurableMarketV3 Flow" time="20.200403640"/><testcase file="test/Test/TestStoryConfigurableMarket.hs" line="85" name="Should mint  4 Native Assets" classname="ConfigurableMarketV3 Flow" time="6.221444124"/></testsuite><testsuite name="ConfigurableMarketV3Lazy Flow" package="ConfigurableMarketV3Lazy Flow" id="2" time="75.453435656" timestamp="2024-07-17T05:17:31.175636662Z" hostname="localhost" tests="8" failures="0" errors="0" skipped="0"><properties/><testcase file="test/Test/TestStoryConfigurableMarket.hs" line="138" name="Should buy 1 token from sale with reference script" classname="ConfigurableMarketV3Lazy Flow" time="16.225066650"/><testcase file="test/Test/TestStoryConfigurableMarket.hs" line="130" name="Should buy 1 token from sale" classname="ConfigurableMarketV3Lazy Flow" time="18.196513491"/><testcase file="test/Test/TestStoryConfigurableMarket.hs" line="122" name="Should withdraw 1 token from sale with reference script" classname="ConfigurableMarketV3Lazy Flow" time="8.167121844"/><testcase file="test/Test/TestStoryConfigurableMarket.hs" line="117" name="Should withdraw 1 token from sale" classname="ConfigurableMarketV3Lazy Flow" time="4.159764609"/><testcase file="test/Test/TestStoryConfigurableMarket.hs" line="110" name="Should create market configuration" classname="ConfigurableMarketV3Lazy Flow" time="4.196881574"/><testcase file="test/Test/TestStoryConfigurableMarket.hs" line="103" name="Should place 4 tokens on sale" classname="ConfigurableMarketV3Lazy Flow" time="6.157711856"/><testcase file="test/Test/TestStoryConfigurableMarket.hs" line="97" name="Should create reference script UTxO" classname="ConfigurableMarketV3Lazy Flow" time="6.170935183"/><testcase file="test/Test/TestStoryConfigurableMarket.hs" line="85" name="Should mint  4 Native Assets" classname="ConfigurableMarketV3Lazy Flow" time="12.179440449"/></testsuite><testsuite name="SimpleMarketV2 Flow" package="SimpleMarketV2 Flow" id="3" time="169.338946944" timestamp="2024-07-17T05:17:31.175636662Z" hostname="localhost" tests="7" failures="0" errors="0" skipped="0"><properties/><testcase file="test/Test/TestStorySimpleMarket.hs" line="109" name="Should buy 1 token from sale with reference script" classname="SimpleMarketV2 Flow" time="26.218316289"/><testcase file="test/Test/TestStorySimpleMarket.hs" line="104" name="Should withdraw 1 token from sale with reference script" classname="SimpleMarketV2 Flow" time="26.258143738"/><testcase file="test/Test/TestStorySimpleMarket.hs" line="99" name="Should buy 1 token from sale" classname="SimpleMarketV2 Flow" time="16.200152314"/><testcase file="test/Test/TestStorySimpleMarket.hs" line="94" name="Should withdraw 1 token from sale" classname="SimpleMarketV2 Flow" time="24.194992486"/><testcase file="test/Test/TestStorySimpleMarket.hs" line="87" name="Should place 4 tokens on sale" classname="SimpleMarketV2 Flow" time="28.141861436"/><testcase file="test/Test/TestStorySimpleMarket.hs" line="81" name="Should create reference script UTxO" classname="SimpleMarketV2 Flow" time="10.139761394"/><testcase file="test/Test/TestStorySimpleMarket.hs" line="68" name="Should mint  4 Native Assets" classname="SimpleMarketV2 Flow" time="38.185719287"/></testsuite><testsuite name="SimpleMarketV3 Flow" package="SimpleMarketV3 Flow" id="4" time="169.469613069" timestamp="2024-07-17T05:17:31.175636662Z" hostname="localhost" tests="7" failures="0" errors="0" skipped="0"><properties/><testcase file="test/Test/TestStorySimpleMarket.hs" line="109" name="Should buy 1 token from sale with reference script" classname="SimpleMarketV3 Flow" time="10.160756407"/><testcase file="test/Test/TestStorySimpleMarket.hs" line="104" name="Should withdraw 1 token from sale with reference script" classname="SimpleMarketV3 Flow" time="24.209720262"/><testcase file="test/Test/TestStorySimpleMarket.hs" line="99" name="Should buy 1 token from sale" classname="SimpleMarketV3 Flow" time="8.182120671"/><testcase file="test/Test/TestStorySimpleMarket.hs" line="94" name="Should withdraw 1 token from sale" classname="SimpleMarketV3 Flow" time="78.344586558"/><testcase file="test/Test/TestStorySimpleMarket.hs" line="87" name="Should place 4 tokens on sale" classname="SimpleMarketV3 Flow" time="12.166238922"/><testcase file="test/Test/TestStorySimpleMarket.hs" line="81" name="Should create reference script UTxO" classname="SimpleMarketV3 Flow" time="16.185636635"/><testcase file="test/Test/TestStorySimpleMarket.hs" line="68" name="Should mint  4 Native Assets" classname="SimpleMarketV3 Flow" time="20.220553614"/></testsuite><testsuite name="SimpleMarketV3Lazy Flow" package="SimpleMarketV3Lazy Flow" id="5" time="157.343855909" timestamp="2024-07-17T05:17:31.175636662Z" hostname="localhost" tests="7" failures="0" errors="0" skipped="0"><properties/><testcase file="test/Test/TestStorySimpleMarket.hs" line="109" name="Should buy 1 token from sale with reference script" classname="SimpleMarketV3Lazy Flow" time="16.178853675"/><testcase file="test/Test/TestStorySimpleMarket.hs" line="104" name="Should withdraw 1 token from sale with reference script" classname="SimpleMarketV3Lazy Flow" time="8.187267927"/><testcase file="test/Test/TestStorySimpleMarket.hs" line="99" name="Should buy 1 token from sale" classname="SimpleMarketV3Lazy Flow" time="4.157599282"/><testcase file="test/Test/TestStorySimpleMarket.hs" line="94" name="Should withdraw 1 token from sale" classname="SimpleMarketV3Lazy Flow" time="26.215176545"/><testcase file="test/Test/TestStorySimpleMarket.hs" line="87" name="Should place 4 tokens on sale" classname="SimpleMarketV3Lazy Flow" time="44.259987679"/><testcase file="test/Test/TestStorySimpleMarket.hs" line="81" name="Should create reference script UTxO" classname="SimpleMarketV3Lazy Flow" time="26.184228834"/><testcase file="test/Test/TestStorySimpleMarket.hs" line="68" name="Should mint  4 Native Assets" classname="SimpleMarketV3Lazy Flow" time="32.160741967"/></testsuite></testsuites>