<testsuites name="v2-configurable-marketplace-test"><testsuite name="ConfigurableMarketPlaceFlow" package="ConfigurableMarketPlaceFlow" id="0" time="245.632753000" timestamp="2024-06-14T03:58:41.102351224Z" hostname="localhost" tests="8" failures="0" errors="0" skipped="0"><properties/><testcase file="test/Test/TestStoryConfigurableMarketV2.hs" line="143" name="Should buy 1 token from sale with reference script" classname="ConfigurableMarketPlaceFlow" time="42.219057373"/><testcase file="test/Test/TestStoryConfigurableMarketV2.hs" line="127" name="Should buy 1 token from sale" classname="ConfigurableMarketPlaceFlow" time="20.199898590"/><testcase file="test/Test/TestStoryConfigurableMarketV2.hs" line="116" name="Should withdraw 1 token from sale with reference script" classname="ConfigurableMarketPlaceFlow" time="18.182754303"/><testcase file="test/Test/TestStoryConfigurableMarketV2.hs" line="108" name="Should withdraw 1 token from sale" classname="ConfigurableMarketPlaceFlow" time="16.165160352"/><testcase file="test/Test/TestStoryConfigurableMarketV2.hs" line="99" name="Should create market configuration" classname="ConfigurableMarketPlaceFlow" time="18.163249212"/><testcase file="test/Test/TestStoryConfigurableMarketV2.hs" line="90" name="Should Place 4 tokens on sale" classname="ConfigurableMarketPlaceFlow" time="82.357204425"/><testcase file="test/Test/TestStoryConfigurableMarketV2.hs" line="82" name="Should create reference script UTxO" classname="ConfigurableMarketPlaceFlow" time="18.154935310"/><testcase file="test/Test/TestStoryConfigurableMarketV2.hs" line="79" name="Should mint 4 Native Assets" classname="ConfigurableMarketPlaceFlow" time="30.190493435"/></testsuite></testsuites>