<testsuites name="v2-configurable-marketplace-test"><testsuite name="ConfigurableMarketPlaceFlow" package="ConfigurableMarketPlaceFlow" id="0" time="193.500861729" timestamp="2024-06-12T12:14:14.522255208Z" hostname="localhost" tests="8" failures="0" errors="0" skipped="0"><properties/><testcase file="test/Test/TestStoryConfigurableMarketV2.hs" line="143" name="Should buy 1 token from sale with reference script" classname="ConfigurableMarketPlaceFlow" time="12.155421790"/><testcase file="test/Test/TestStoryConfigurableMarketV2.hs" line="127" name="Should buy 1 token from sale" classname="ConfigurableMarketPlaceFlow" time="80.385845173"/><testcase file="test/Test/TestStoryConfigurableMarketV2.hs" line="116" name="Should withdraw 1 token from sale with reference script" classname="ConfigurableMarketPlaceFlow" time="14.161634218"/><testcase file="test/Test/TestStoryConfigurableMarketV2.hs" line="108" name="Should withdraw 1 token from sale" classname="ConfigurableMarketPlaceFlow" time="10.143636569"/><testcase file="test/Test/TestStoryConfigurableMarketV2.hs" line="99" name="Should create market configuration" classname="ConfigurableMarketPlaceFlow" time="24.174108258"/><testcase file="test/Test/TestStoryConfigurableMarketV2.hs" line="90" name="Should Place 4 tokens on sale" classname="ConfigurableMarketPlaceFlow" time="12.155271457"/><testcase file="test/Test/TestStoryConfigurableMarketV2.hs" line="82" name="Should create reference script UTxO" classname="ConfigurableMarketPlaceFlow" time="6.125959683"/><testcase file="test/Test/TestStoryConfigurableMarketV2.hs" line="79" name="Should mint 4 Native Assets" classname="ConfigurableMarketPlaceFlow" time="34.198984581"/></testsuite></testsuites>