<testsuites name="v2-configurable-marketplace-test">
    <testsuite name="ConfigurableMarketPlaceFlow" package="ConfigurableMarketPlaceFlow" id="0"
        time="111.141180620" timestamp="2024-06-12T11:40:11.900318629Z" hostname="localhost"
        tests="8" failures="4" errors="0" skipped="0">
        <properties />
        <testcase file="test/Test/Common.hs" line="39"
            name="Should buy 1 token from sale with reference script"
            classname="ConfigurableMarketPlaceFlow" time="0.088447533">
            <failure type="error">test/Test/Common.hs:39:12
                predicate failed on: Left FrameworkError: BalancingError: "No utxo available for
                collateral"</failure>
        </testcase>
        <testcase file="test/Test/Common.hs" line="39" name="Should buy 1 token from sale"
            classname="ConfigurableMarketPlaceFlow" time="0.100367429">
            <failure type="error">test/Test/Common.hs:39:12
                predicate failed on: Left FrameworkError: BalancingError: "No utxo available for
                collateral"</failure>
        </testcase>
        <testcase file="test/Test/Common.hs" line="39"
            name="Should withdraw 1 token from sale with reference script"
            classname="ConfigurableMarketPlaceFlow" time="0.086028611">
            <failure type="error">test/Test/Common.hs:39:12
                predicate failed on: Left FrameworkError: BalancingError: "No utxo available for
                collateral"</failure>
        </testcase>
        <testcase file="test/Test/Common.hs" line="39" name="Should withdraw 1 token from sale"
            classname="ConfigurableMarketPlaceFlow" time="0.084081752">
            <failure type="error">test/Test/Common.hs:39:12
                predicate failed on: Left FrameworkError: BalancingError: "No utxo available for
                collateral"</failure>
        </testcase>
        <testcase file="test/Test/TestStoryConfigurableMarketV2.hs" line="99"
            name="Should create market configuration" classname="ConfigurableMarketPlaceFlow"
            time="8.137891269" />
        <testcase file="test/Test/TestStoryConfigurableMarketV2.hs" line="90"
            name="Should Place 4 tokens on sale" classname="ConfigurableMarketPlaceFlow"
            time="52.256205787" />
        <testcase file="test/Test/TestStoryConfigurableMarketV2.hs" line="82"
            name="Should create reference script UTxO" classname="ConfigurableMarketPlaceFlow"
            time="22.200085348" />
        <testcase file="test/Test/TestStoryConfigurableMarketV2.hs" line="79"
            name="Should mint 4 Native Assets" classname="ConfigurableMarketPlaceFlow"
            time="28.188072891" />
    </testsuite>
</testsuites>